launching ...
processing arguments ...
Data folder: /projets/sig/mullah/nlp/checkthat19
Process: 1
Unknown dependency for token: "pre". Passing.
Unknown dependency for token: "-". Passing.
Unknown dependency for token: "co". Passing.
Unknown dependency for token: "-". Passing.
Unknown dependency for token: "post". Passing.
Unknown dependency for token: "-". Passing.
Unknown dependency for token: "de". Passing.
Unknown dependency for token: "-". Passing.
Unknown dependency for token: "de". Passing.
Unknown dependency for token: "-". Passing.
Unknown dependency for token: "de". Passing.
Unknown dependency for token: "-". Passing.
Unknown dependency for token: "de". Passing.
Unknown dependency for token: "-". Passing.
Unknown dependency for token: "pro". Passing.
Unknown dependency for token: "-". Passing.
Unknown dependency for token: "pro". Passing.
Unknown dependency for token: "-". Passing.
Unknown dependency for token: "pre". Passing.
Unknown dependency for token: "-". Passing.
Unknown dependency for token: "pre". Passing.
Unknown dependency for token: "-". Passing.
Unknown dependency for token: "pre". Passing.
Unknown dependency for token: "-". Passing.
Unknown dependency for token: "de". Passing.
Unknown dependency for token: "-". Passing.
Unknown dependency for token: "cross". Passing.
Unknown dependency for token: "-". Passing.
Unknown dependency for token: "pro". Passing.
Unknown dependency for token: "-". Passing.
Unknown dependency for token: "pro". Passing.
Unknown dependency for token: "-". Passing.
Unknown dependency for token: "anti". Passing.
Unknown dependency for token: "-". Passing.
Unknown dependency for token: "pro". Passing.
Unknown dependency for token: "-". Passing.
Unknown dependency for token: "anti". Passing.
Unknown dependency for token: "-". Passing.
Unknown dependency for token: "anti". Passing.
Unknown dependency for token: "-". Passing.
Unknown dependency for token: "re". Passing.
Unknown dependency for token: "-". Passing.
Unknown dependency for token: "'". Passing.
Unknown dependency for token: "non". Passing.
Unknown dependency for token: "-". Passing.
Unknown dependency for token: "super". Passing.
Unknown dependency for token: "-". Passing.
Unknown dependency for token: "'". Passing.
Unknown dependency for token: "pre". Passing.
Unknown dependency for token: "-". Passing.
Unknown dependency for token: "pro". Passing.
Unknown dependency for token: "-". Passing.
Unknown dependency for token: "anti". Passing.
Unknown dependency for token: "-". Passing.
Unknown dependency for token: "pro". Passing.
Unknown dependency for token: "-". Passing.
Unknown dependency for token: "re". Passing.
Unknown dependency for token: "-". Passing.
Unknown dependency for token: "pre". Passing.
Unknown dependency for token: "-". Passing.
Unknown dependency for token: "super". Passing.
Unknown dependency for token: "-". Passing.
Unknown dependency for token: "pre". Passing.
Unknown dependency for token: "-". Passing.
Unknown dependency for token: "pre". Passing.
Unknown dependency for token: "-". Passing.
Unknown dependency for token: "pro". Passing.
Unknown dependency for token: "-". Passing.
Unknown dependency for token: "non". Passing.
Unknown dependency for token: "-". Passing.
Unknown dependency for token: "non". Passing.
Unknown dependency for token: "-". Passing.
Unknown dependency for token: "non". Passing.
Unknown dependency for token: "-". Passing.
Unknown dependency for token: "pro". Passing.
Unknown dependency for token: "-". Passing.
Unknown dependency for token: "pro". Passing.
Unknown dependency for token: "-". Passing.
Unknown dependency for token: "pro". Passing.
Unknown dependency for token: "-". Passing.
Unknown dependency for token: "pro". Passing.
Unknown dependency for token: "-". Passing.
Unknown dependency for token: "super". Passing.
Unknown dependency for token: "-". Passing.
Unknown dependency for token: "pre". Passing.
Unknown dependency for token: "-". Passing.
Unknown dependency for token: "pre". Passing.
Unknown dependency for token: "-". Passing.
Unknown dependency for token: "pre". Passing.
Unknown dependency for token: "-". Passing.
Unknown dependency for token: "re". Passing.
Unknown dependency for token: "-". Passing.
Unknown dependency for token: "re". Passing.
Unknown dependency for token: "-". Passing.
Unknown dependency for token: "re". Passing.
Unknown dependency for token: "-". Passing.
Unknown dependency for token: "pro". Passing.
Unknown dependency for token: "-". Passing.
Unknown dependency for token: "pro". Passing.
Unknown dependency for token: "-". Passing.
Unknown dependency for token: "pro". Passing.
Unknown dependency for token: "-". Passing.
Unknown dependency for token: "pro". Passing.
Unknown dependency for token: "-". Passing.
Unknown dependency for token: "pro". Passing.
Unknown dependency for token: "-". Passing.
Unknown dependency for token: "non". Passing.
Unknown dependency for token: "-". Passing.
Unknown dependency for token: "anti". Passing.
Unknown dependency for token: "-". Passing.
Unknown dependency for token: "Trans". Passing.
Unknown dependency for token: "-". Passing.
Unknown dependency for token: "anti". Passing.
Unknown dependency for token: "-". Passing.
Unknown dependency for token: "anti". Passing.
Unknown dependency for token: "-". Passing.
Unknown dependency for token: "mid". Passing.
Unknown dependency for token: "-". Passing.
Unknown dependency for token: "anti". Passing.
Unknown dependency for token: "-". Passing.
Unknown dependency for token: "anti". Passing.
Unknown dependency for token: "-". Passing.
Unknown dependency for token: "anti". Passing.
Unknown dependency for token: "-". Passing.
Unknown dependency for token: "anti". Passing.
Unknown dependency for token: "-". Passing.
Unknown dependency for token: "non". Passing.
Unknown dependency for token: "-". Passing.
Unknown dependency for token: "non". Passing.
Unknown dependency for token: "-". Passing.
Unknown dependency for token: "Pipelines". Passing.
Unknown dependency for token: "Trans". Passing.
Unknown dependency for token: "-". Passing.
Unknown dependency for token: "’s". Passing.
Unknown dependency for token: "non". Passing.
Unknown dependency for token: "-". Passing.
Unknown dependency for token: "non". Passing.
Unknown dependency for token: "-". Passing.
Unknown dependency for token: "pro". Passing.
Unknown dependency for token: "-". Passing.
Unknown dependency for token: "pro". Passing.
Unknown dependency for token: "-". Passing.
Unknown dependency for token: "pro". Passing.
Unknown dependency for token: "-". Passing.
Unknown dependency for token: "pro". Passing.
Unknown dependency for token: "-". Passing.
Unknown dependency for token: "pro". Passing.
Unknown dependency for token: "-". Passing.
Unknown dependency for token: "mid". Passing.
Unknown dependency for token: "-". Passing.
Unknown dependency for token: "re". Passing.
Unknown dependency for token: "-". Passing.
Unknown dependency for token: "Trans". Passing.
Unknown dependency for token: "post". Passing.
Unknown dependency for token: "-". Passing.
Unknown dependency for token: "Post". Passing.
Unknown dependency for token: "-". Passing.
Unknown dependency for token: "pre". Passing.
Unknown dependency for token: "-". Passing.
Unknown dependency for token: "anti". Passing.
Unknown dependency for token: "-". Passing.
Unknown dependency for token: "anti". Passing.
Unknown dependency for token: "-". Passing.
Unknown dependency for token: "anti". Passing.
Unknown dependency for token: "-". Passing.
Unknown dependency for token: "co". Passing.
Unknown dependency for token: "-". Passing.
Unknown dependency for token: "re". Passing.
Unknown dependency for token: "-". Passing.
Unknown dependency for token: "anti". Passing.
Unknown dependency for token: "-". Passing.
Unknown dependency for token: "anti". Passing.
Unknown dependency for token: "-". Passing.
Unknown dependency for token: "de". Passing.
Unknown dependency for token: "-". Passing.
Unknown dependency for token: "anti". Passing.
Unknown dependency for token: "-". Passing.
Unknown dependency for token: "anti". Passing.
Unknown dependency for token: "-". Passing.
Unknown dependency for token: "pro". Passing.
Unknown dependency for token: "-". Passing.
Unknown dependency for token: "re". Passing.
Unknown dependency for token: "-". Passing.
File: 20160722_trump_acceptance.tsv
done.
