launching ...
Processing arguments ...
Feature selection: False
Training: True
Testing: True
Evaluation: False
Nutritional features: True
Linguistic features: False
Category features: False
Embedding features: True
Done.
Data path ...
Done.
Setting features flag ...
Done.
Features acronym ...
Features: NW
Setting process ...
Process: train:True, test:True, and eval:False
Loading the traing and testing file names ...
Done.
Features extractor initializer ...
Done.
Feature extraction ...
Done.
Training models ...
Done.
Prediction for the train set ...
Done.
Prediction for the test set ...
Done.
done.
